<?xml version="1.0" encoding="UTF-8"?>
<testsuites name="Login" time="14.682" tests="2" failures="0" errors="0">
   <testsuite name="Login" tests="2" failures="0" errors="0" time="14.682" skipped="0" timestamp="31-12-2023T21:21:27" hostname="Nurul Affifah - Nurulaff" id="Test Suites/Login">
      <properties>
         <property name="deviceName" value=""/>
         <property name="devicePlatform" value=""/>
         <property name="logFolder" value="D:\\BOOTCAMP_QA ENGINEER\\Katalon\\Tugas DS\\Reports\\20231231_212121\\Login\\20231231_212121"/>
         <property name="logFiles" value="D:\\BOOTCAMP_QA ENGINEER\\Katalon\\Tugas DS\\Reports\\20231231_212121\\Login\\20231231_212121\\execution0.log"/>
         <property name="attachments" value=""/>
         <property name="hostName" value="Nurul Affifah - Nurulaff"/>
         <property name="os" value="Windows 11 64bit"/>
         <property name="katalonVersion" value="9.1.0.212"/>
         <property name="browser" value="Chrome 120.0.0.0"/>
         <property name="hostAddress" value="192.168.100.65"/>
         <property name="sessionId" value="d6824b63a23b14d7a220e19db2cd57cb"/>
         <property name="seleniumVersion" value="3.141.59"/>
         <property name="proxyInformation" value="ProxyInformation { proxyOption=NO_PROXY, proxyServerType=HTTP, username=, password=********, proxyServerAddress=, proxyServerPort=0, executionList=&quot;&quot;, isApplyToDesiredCapabilities=true }"/>
         <property name="platform" value="Windows 11"/>
      </properties>
      <testcase name="Test Cases/demoblaze/01_sign_up" time="6.797" classname="Test Cases/demoblaze/01_sign_up" status="PASSED">
         <system-out><![CDATA[31-12-2023T21:21:28 - [TEST_CASE][PASSED] - Test Cases/demoblaze/01_sign_up: Test Cases/demoblaze/01_sign_up

31-12-2023T21:21:28 - [TEST_STEP][PASSED] - openBrowser(""): Browser is opened with url: ''

31-12-2023T21:21:28 - [MESSAGE][INFO] - Starting 'Chrome' driver

31-12-2023T21:21:28 - [MESSAGE][INFO] - Action delay is set to 0 milliseconds

31-12-2023T21:21:29 - [MESSAGE][PASSED] - Browser is opened with url: ''

31-12-2023T21:21:29 - [TEST_STEP][PASSED] - navigateToUrl("https://www.demoblaze.com/index.html"): Navigate to 'https://www.demoblaze.com/index.html' successfully

31-12-2023T21:21:31 - [MESSAGE][PASSED] - Navigate to 'https://www.demoblaze.com/index.html' successfully

31-12-2023T21:21:31 - [TEST_STEP][PASSED] - click(findTestObject("Object Repository/01_sign_up/Page_STORE/a_Sign up")): Object: 'Object Repository/01_sign_up/Page_STORE/a_Sign up' is clicked on

31-12-2023T21:21:31 - [MESSAGE][PASSED] - Object: 'Object Repository/01_sign_up/Page_STORE/a_Sign up' is clicked on

31-12-2023T21:21:31 - [TEST_STEP][PASSED] - setText(findTestObject("01_sign_up/Page_STORE/inputsign-username"), username): Text 'yuy123' is set on object 'Object Repository/01_sign_up/Page_STORE/inputsign-username'

31-12-2023T21:21:33 - [MESSAGE][PASSED] - Text 'yuy123' is set on object 'Object Repository/01_sign_up/Page_STORE/inputsign-username'

31-12-2023T21:21:33 - [TEST_STEP][PASSED] - setText(findTestObject("Object Repository/01_sign_up/Page_STORE/inputsign-password"), password): Text 'yuy123' is set on object 'Object Repository/01_sign_up/Page_STORE/inputsign-password'

31-12-2023T21:21:33 - [MESSAGE][PASSED] - Text 'yuy123' is set on object 'Object Repository/01_sign_up/Page_STORE/inputsign-password'

31-12-2023T21:21:33 - [TEST_STEP][PASSED] - click(findTestObject("Object Repository/01_sign_up/Page_STORE/button_Sign up")): Object: 'Object Repository/01_sign_up/Page_STORE/button_Sign up' is clicked on

31-12-2023T21:21:34 - [MESSAGE][PASSED] - Object: 'Object Repository/01_sign_up/Page_STORE/button_Sign up' is clicked on

31-12-2023T21:21:34 - [TEST_STEP][PASSED] - click(findTestObject("Object Repository/01_sign_up/Page_STORE/button_Close")): Object: 'Object Repository/01_sign_up/Page_STORE/button_Close' is clicked on

31-12-2023T21:21:34 - [MESSAGE][PASSED] - Object: 'Object Repository/01_sign_up/Page_STORE/button_Close' is clicked on

31-12-2023T21:21:34 - [TEST_STEP][PASSED] - closeBrowser(): Browser is closed

31-12-2023T21:21:34 - [MESSAGE][PASSED] - Browser is closed]]></system-out>
         <system-err><![CDATA[]]></system-err>
      </testcase>
      <testcase name="Test Cases/demoblaze/02_login" time="7.703" classname="Test Cases/demoblaze/02_login" status="PASSED">
         <system-out><![CDATA[31-12-2023T21:21:34 - [TEST_CASE][PASSED] - Test Cases/demoblaze/02_login: Test Cases/demoblaze/02_login

31-12-2023T21:21:34 - [TEST_STEP][PASSED] - openBrowser(""): Browser is opened with url: ''

31-12-2023T21:21:34 - [MESSAGE][INFO] - Starting 'Chrome' driver

31-12-2023T21:21:34 - [MESSAGE][INFO] - Action delay is set to 0 milliseconds

31-12-2023T21:21:35 - [MESSAGE][PASSED] - Browser is opened with url: ''

31-12-2023T21:21:35 - [TEST_STEP][PASSED] - navigateToUrl("https://www.demoblaze.com/index.html"): Navigate to 'https://www.demoblaze.com/index.html' successfully

31-12-2023T21:21:36 - [MESSAGE][PASSED] - Navigate to 'https://www.demoblaze.com/index.html' successfully

31-12-2023T21:21:36 - [TEST_STEP][PASSED] - click(findTestObject("Object Repository/02_login/Page_STORE/a_Log in")): Object: 'Object Repository/02_login/Page_STORE/a_Log in' is clicked on

31-12-2023T21:21:37 - [MESSAGE][PASSED] - Object: 'Object Repository/02_login/Page_STORE/a_Log in' is clicked on

31-12-2023T21:21:37 - [TEST_STEP][PASSED] - setText(findTestObject("Object Repository/02_login/Page_STORE/inputloginusername"), username): Text 'yuy123' is set on object 'Object Repository/02_login/Page_STORE/inputloginusername'

31-12-2023T21:21:38 - [MESSAGE][PASSED] - Text 'yuy123' is set on object 'Object Repository/02_login/Page_STORE/inputloginusername'

31-12-2023T21:21:38 - [TEST_STEP][PASSED] - setText(findTestObject("Object Repository/02_login/Page_STORE/inputloginpassword"), password): Text 'yuy123' is set on object 'Object Repository/02_login/Page_STORE/inputloginpassword'

31-12-2023T21:21:39 - [MESSAGE][PASSED] - Text 'yuy123' is set on object 'Object Repository/02_login/Page_STORE/inputloginpassword'

31-12-2023T21:21:39 - [TEST_STEP][PASSED] - click(findTestObject("Object Repository/02_login/Page_STORE/button_Log in")): Object: 'Object Repository/02_login/Page_STORE/button_Log in' is clicked on

31-12-2023T21:21:39 - [MESSAGE][PASSED] - Object: 'Object Repository/02_login/Page_STORE/button_Log in' is clicked on

31-12-2023T21:21:39 - [TEST_STEP][PASSED] - click(findTestObject("Object Repository/02_login/Page_STORE/a_Welcome yuy123")): Object: 'Object Repository/02_login/Page_STORE/a_Welcome yuy123' is clicked on

31-12-2023T21:21:41 - [MESSAGE][PASSED] - Object: 'Object Repository/02_login/Page_STORE/a_Welcome yuy123' is clicked on

31-12-2023T21:21:41 - [TEST_STEP][PASSED] - click(findTestObject("Object Repository/02_login/Page_STORE/a_Home (current)")): Object: 'Object Repository/02_login/Page_STORE/a_Home (current)' is clicked on

31-12-2023T21:21:42 - [MESSAGE][PASSED] - Object: 'Object Repository/02_login/Page_STORE/a_Home (current)' is clicked on

31-12-2023T21:21:42 - [TEST_STEP][PASSED] - closeBrowser(): Browser is closed

31-12-2023T21:21:42 - [MESSAGE][PASSED] - Browser is closed]]></system-out>
         <system-err><![CDATA[]]></system-err>
      </testcase>
      <system-out><![CDATA[31-12-2023T21:21:27 - [TEST_SUITE][PASSED] - Login: Test Cases/demoblaze/02_login]]></system-out>
      <system-err><![CDATA[]]></system-err>
   </testsuite>
</testsuites>
